<?xml version="1.0" encoding="UTF-8"?>
<testsuite xmlns:xsi="http://www.w3.org/2001/XMLSchema-instance" xsi:noNamespaceSchemaLocation="https://maven.apache.org/surefire/maven-surefire-plugin/xsd/surefire-test-report.xsd" name="TestSuite" time="11.561" tests="11" errors="0" skipped="0" failures="2">
  <properties>
[...]
</properties>
  <testcase name="createUser" classname="com.apitest.Segment.UserTest" time="0.93"/>
  <testcase name="createUser" classname="com.apitest.Segment.UserTest" time="0.894"/>
  <testcase name="createUser" classname="com.apitest.Segment.UserTest" time="0.939"/>
  <testcase name="createUser" classname="com.apitest.Segment.UserTest" time="0.883"/>
  <testcase name="createUser" classname="com.apitest.Segment.UserTest" time="0.894"/>
  <testcase name="getAllUser" classname="com.apitest.Segment.UserTest" time="0.512"/>
  <testcase name="getUserDetail" classname="com.apitest.Segment.UserTest" time="0.9"/>
  <testcase name="getUserDetail" classname="com.apitest.Segment.UserTest" time="0.903">
    <failure message="expected [200] but found [404]" type="java.lang.AssertionError">java.lang.AssertionError: expected [200] but found [404]
	at com.apitest.Segment.UserTest.getUserDetail(UserTest.java:65)
</failure>
    <system-out><![CDATA[
Request method:	GET
Request URI:	https://inst-hgklvweuuaulootzjjnmusbk-pmwfvt.ep.rapyuta.io/user/shan
Proxy:			<none>
Request params:	<none>
Query params:	<none>
Form params:	<none>
Path params:	<none>
Headers:		Authorization=Bearer JMIHYBVWJZ
				Accept=*/*
				Content-Type=application/json; charset=UTF-8
Cookies:		<none>
Multiparts:		<none>
Body:			<none>
{
    "message": "user not found"
}
]]></system-out>
  </testcase>
  <testcase name="getUserDetail" classname="com.apitest.Segment.UserTest" time="0.897"/>
  <testcase name="getUserDetail" classname="com.apitest.Segment.UserTest" time="0.514"/>
  <testcase name="getUserDetail" classname="com.apitest.Segment.UserTest" time="0.521">
    <failure message="expected [200] but found [404]" type="java.lang.AssertionError">java.lang.AssertionError: expected [200] but found [404]
	at com.apitest.Segment.UserTest.getUserDetail(UserTest.java:65)
</failure>
    <system-out><![CDATA[
Request method:	GET
Request URI:	https://inst-hgklvweuuaulootzjjnmusbk-pmwfvt.ep.rapyuta.io/user/shanaj
Proxy:			<none>
Request params:	<none>
Query params:	<none>
Form params:	<none>
Path params:	<none>
Headers:		Authorization=Bearer JMIHYBVWJZ
				Accept=*/*
				Content-Type=application/json; charset=UTF-8
Cookies:		<none>
Multiparts:		<none>
Body:			<none>
{
    "message": "user not found"
}
]]></system-out>
  </testcase>
</testsuite>